<?xml version="1.0" encoding="UTF-8"?>
<testsuite name="decoders.DecoderTest" tests="1" skipped="0" failures="0" errors="0" timestamp="2021-02-17T13:13:44" hostname="Mihail-Dev" time="0.039">
  <properties/>
  <testcase name="decodeMock()" classname="decoders.DecoderTest" time="0.039"/>
  <system-out><![CDATA[]]></system-out>
  <system-err><![CDATA[SLF4J: Failed to load class "org.slf4j.impl.StaticLoggerBinder".
SLF4J: Defaulting to no-operation (NOP) logger implementation
SLF4J: See http://www.slf4j.org/codes.html#StaticLoggerBinder for further details.
]]></system-err>
</testsuite>
