<?xml version="1.0" encoding="UTF-8"?>
<testsuite name="testPairTcp.models.messageCreator.MessageCreatorTest" tests="3" skipped="0" failures="0" errors="0" timestamp="2021-02-11T10:51:38" hostname="Mihail-Dev" time="0.002">
  <properties/>
  <testcase name="messageCreating()" classname="testPairTcp.models.messageCreator.MessageCreatorTest" time="0.001"/>
  <testcase name="messageDefaultCreatingNotNULL()" classname="testPairTcp.models.messageCreator.MessageCreatorTest" time="0.001"/>
  <testcase name="messageDefaultCreating()" classname="testPairTcp.models.messageCreator.MessageCreatorTest" time="0.0"/>
  <system-out><![CDATA[]]></system-out>
  <system-err><![CDATA[]]></system-err>
</testsuite>
