<?xml version="1.0" encoding="UTF-8"?>
<testsuite name="testPairTcp.clientPart.ClientHandlerTest" tests="2" skipped="0" failures="0" errors="0" timestamp="2021-02-11T10:51:38" hostname="Mihail-Dev" time="0.069">
  <properties/>
  <testcase name="chanelActivationTest()" classname="testPairTcp.clientPart.ClientHandlerTest" time="0.068"/>
  <testcase name="chanellReadingTest()" classname="testPairTcp.clientPart.ClientHandlerTest" time="0.0"/>
  <system-out><![CDATA[]]></system-out>
  <system-err><![CDATA[]]></system-err>
</testsuite>
