<?xml version="1.0" encoding="UTF-8"?>
<testsuite name="testPairTcp.models.QueueMessageTest" tests="4" skipped="0" failures="0" errors="0" timestamp="2021-02-11T10:51:38" hostname="Mihail-Dev" time="0.003">
  <properties/>
  <testcase name="getNum()" classname="testPairTcp.models.QueueMessageTest" time="0.001"/>
  <testcase name="getText()" classname="testPairTcp.models.QueueMessageTest" time="0.001"/>
  <testcase name="tryConstructor()" classname="testPairTcp.models.QueueMessageTest" time="0.0"/>
  <testcase name="getPrice()" classname="testPairTcp.models.QueueMessageTest" time="0.0"/>
  <system-out><![CDATA[]]></system-out>
  <system-err><![CDATA[]]></system-err>
</testsuite>
