<?xml version="1.0" encoding="UTF-8"?>
<testsuite name="testPairTcp.bootstrapBuilder.BootstrapBuilderTest" tests="4" skipped="0" failures="0" errors="0" timestamp="2021-02-11T13:54:19" hostname="Mihail-Dev" time="0.028">
  <properties/>
  <testcase name="bootstrapServerBuilderNullableParametrs()" classname="testPairTcp.bootstrapBuilder.BootstrapBuilderTest" time="0.007"/>
  <testcase name="notNULLBuildedBootstrap()" classname="testPairTcp.bootstrapBuilder.BootstrapBuilderTest" time="0.019"/>
  <testcase name="bootstrapBuilderNullableParametrs()" classname="testPairTcp.bootstrapBuilder.BootstrapBuilderTest" time="0.0"/>
  <testcase name="notNULLServerBootstrapBuilder()" classname="testPairTcp.bootstrapBuilder.BootstrapBuilderTest" time="0.0"/>
  <system-out><![CDATA[]]></system-out>
  <system-err><![CDATA[SLF4J: Failed to load class "org.slf4j.impl.StaticLoggerBinder".
SLF4J: Defaulting to no-operation (NOP) logger implementation
SLF4J: See http://www.slf4j.org/codes.html#StaticLoggerBinder for further details.
]]></system-err>
</testsuite>
