<?xml version="1.0" encoding="UTF-8"?>
<testsuite name="testPairTcp.decoders.EncoderTest" tests="1" skipped="0" failures="0" errors="0" timestamp="2021-02-11T13:54:19" hostname="Mihail-Dev" time="0.017">
  <properties/>
  <testcase name="tryEncodeMessage()" classname="testPairTcp.decoders.EncoderTest" time="0.017"/>
  <system-out><![CDATA[]]></system-out>
  <system-err><![CDATA[]]></system-err>
</testsuite>
