<?xml version="1.0" encoding="UTF-8"?>
<testsuite name="testPairTcp.bootstrapBuilder.BootstrapBuilderTest" tests="4" skipped="0" failures="0" errors="0" timestamp="2021-02-11T10:51:38" hostname="Mihail-Dev" time="0.005">
  <properties/>
  <testcase name="bootstrapServerBuilderNullableParametrs()" classname="testPairTcp.bootstrapBuilder.BootstrapBuilderTest" time="0.001"/>
  <testcase name="notNULLBuildedBootstrap()" classname="testPairTcp.bootstrapBuilder.BootstrapBuilderTest" time="0.001"/>
  <testcase name="bootstrapBuilderNullableParametrs()" classname="testPairTcp.bootstrapBuilder.BootstrapBuilderTest" time="0.001"/>
  <testcase name="notNULLServerBootstrapBuilder()" classname="testPairTcp.bootstrapBuilder.BootstrapBuilderTest" time="0.0"/>
  <system-out><![CDATA[]]></system-out>
  <system-err><![CDATA[]]></system-err>
</testsuite>
