<?xml version="1.0" encoding="UTF-8"?>
<testsuite name="testPairTcp.serverPart.NettyServerTest" tests="1" skipped="0" failures="0" errors="0" timestamp="2021-02-11T10:51:38" hostname="Mihail-Dev" time="0.001">
  <properties/>
  <testcase name="runWithNulls()" classname="testPairTcp.serverPart.NettyServerTest" time="0.001"/>
  <system-out><![CDATA[]]></system-out>
  <system-err><![CDATA[]]></system-err>
</testsuite>
