<?xml version="1.0" encoding="UTF-8"?>
<testsuite name="queueReader.OutputRunnableTest" tests="1" skipped="0" failures="0" errors="0" timestamp="2021-02-12T08:45:22" hostname="Mihail-Dev" time="0.08">
  <properties/>
  <testcase name="tryRead()" classname="queueReader.OutputRunnableTest" time="0.08"/>
  <system-out><![CDATA[]]></system-out>
  <system-err><![CDATA[]]></system-err>
</testsuite>
