<?xml version="1.0" encoding="UTF-8"?>
<testsuite name="bootstrapBuilder.BootstrapBuilderTest" tests="2" skipped="0" failures="0" errors="0" timestamp="2021-02-17T12:49:09" hostname="Mihail-Dev" time="0.009">
  <properties/>
  <testcase name="bootstrapBuilderNullableParametrs()" classname="bootstrapBuilder.BootstrapBuilderTest" time="0.001"/>
  <testcase name="tryBuildBootstrapInctance()" classname="bootstrapBuilder.BootstrapBuilderTest" time="0.007"/>
  <system-out><![CDATA[]]></system-out>
  <system-err><![CDATA[]]></system-err>
</testsuite>
