<?xml version="1.0" encoding="UTF-8"?>
<testsuite name="clientPart.ClientHandlerTest" tests="2" skipped="0" failures="0" errors="0" timestamp="2021-02-12T08:45:21" hostname="Mihail-Dev" time="0.069">
  <properties/>
  <testcase name="chanelActivationTest()" classname="clientPart.ClientHandlerTest" time="0.067"/>
  <testcase name="chanellReadingTest()" classname="clientPart.ClientHandlerTest" time="0.002"/>
  <system-out><![CDATA[]]></system-out>
  <system-err><![CDATA[]]></system-err>
</testsuite>
