<?xml version="1.0" encoding="UTF-8"?>
<testsuite name="clientPart.NettyClientTest" tests="2" skipped="0" failures="0" errors="0" timestamp="2021-02-17T12:49:04" hostname="Mihail-Dev" time="5.158">
  <properties/>
  <testcase name="clientTryToConnectToShutdownedServerWithoutRetry()" classname="clientPart.NettyClientTest" time="5.152"/>
  <testcase name="paramsNullCheck()" classname="clientPart.NettyClientTest" time="0.006"/>
  <system-out><![CDATA[Connection failed. Retry? [Y/N]
Shutting down clent
]]></system-out>
  <system-err><![CDATA[SLF4J: Failed to load class "org.slf4j.impl.StaticLoggerBinder".
SLF4J: Defaulting to no-operation (NOP) logger implementation
SLF4J: See http://www.slf4j.org/codes.html#StaticLoggerBinder for further details.
]]></system-err>
</testsuite>
