<?xml version="1.0" encoding="UTF-8"?>
<testsuite name="testPairTcp.decoders.DecoderTest" tests="1" skipped="0" failures="0" errors="0" timestamp="2021-02-12T08:45:23" hostname="Mihail-Dev" time="0.003">
  <properties/>
  <testcase name="correctDecoding()" classname="testPairTcp.decoders.DecoderTest" time="0.003"/>
  <system-out><![CDATA[]]></system-out>
  <system-err><![CDATA[]]></system-err>
</testsuite>
