<?xml version="1.0" encoding="UTF-8"?>
<testsuite name="testPairTcp.bootstrapBuilder.BootstrapBuilderTest" tests="2" skipped="0" failures="0" errors="0" timestamp="2021-02-17T12:49:13" hostname="Mihail-Dev" time="0.106">
  <properties/>
  <testcase name="bootstrapServerBuilderNullableParametrs()" classname="testPairTcp.bootstrapBuilder.BootstrapBuilderTest" time="0.018"/>
  <testcase name="bootstrapServerTryToStart()" classname="testPairTcp.bootstrapBuilder.BootstrapBuilderTest" time="0.087"/>
  <system-out><![CDATA[]]></system-out>
  <system-err><![CDATA[SLF4J: Failed to load class "org.slf4j.impl.StaticLoggerBinder".
SLF4J: Defaulting to no-operation (NOP) logger implementation
SLF4J: See http://www.slf4j.org/codes.html#StaticLoggerBinder for further details.
]]></system-err>
</testsuite>
